#
# There is insufficient memory for the Java Runtime Environment to continue.
# Native memory allocation (malloc) failed to allocate 1048576 bytes for AllocateHeap
# Possible reasons:
#   The system is out of physical RAM or swap space
#   The process is running with CompressedOops enabled, and the Java Heap may be blocking the growth of the native heap
# Possible solutions:
#   Reduce memory load on the system
#   Increase physical memory or swap space
#   Check if swap backing store is full
#   Decrease Java heap size (-Xmx/-Xms)
#   Decrease number of Java threads
#   Decrease Java thread stack sizes (-Xss)
#   Set larger code cache with -XX:ReservedCodeCacheSize=
#   JVM is running with Unscaled Compressed Oops mode in which the Java heap is
#     placed in the first 4GB address space. The Java Heap base address is the
#     maximum limit for the native heap growth. Please use -XX:HeapBaseMinAddress
#     to set the Java Heap base and to place the Java Heap above 4GB virtual address.
# This output file may be truncated or incomplete.
#
#  Out of Memory Error (memory/allocation.inline.hpp:61), pid=13156, tid=0x00000000000011c4
#
# JRE version:  (8.0_251-b08) (build )
# Java VM: Java HotSpot(TM) 64-Bit Server VM (25.251-b08 mixed mode windows-amd64 compressed oops)
# Failed to write core dump. Minidumps are not enabled by default on client versions of Windows
#

---------------  T H R E A D  ---------------

Current thread (0x0000000002dae800):  JavaThread "Unknown thread" [_thread_in_vm, id=4548, stack(0x0000000002bb0000,0x0000000002cb0000)]

Stack: [0x0000000002bb0000,0x0000000002cb0000]
[error occurred during error reporting (printing stack bounds), id 0xc0000005]

Native frames: (J=compiled Java code, j=interpreted, Vv=VM code, C=native code)


---------------  P R O C E S S  ---------------

Java Threads: ( => current thread )

Other Threads:

=>0x0000000002dae800 (exited) JavaThread "Unknown thread" [_thread_in_vm, id=4548, stack(0x0000000002bb0000,0x0000000002cb0000)]

VM state:not at safepoint (normal execution)

VM Mutex/Monitor currently owned by a thread: None

heap address: 0x00000000c2c00000, size: 980 MB, Compressed Oops mode: 32-bit
Narrow klass base: 0x0000000000000000, Narrow klass shift: 3
Compressed class space size: 1073741824 Address: 0x0000000100000000

Heap:
 PSYoungGen      total 18432K, used 317K [0x00000000eb980000, 0x00000000ece00000, 0x0000000100000000)
  eden space 15872K, 2% used [0x00000000eb980000,0x00000000eb9cf5d0,0x00000000ec900000)
  from space 2560K, 0% used [0x00000000ecb80000,0x00000000ecb80000,0x00000000ece00000)
  to   space 2560K, 0% used [0x00000000ec900000,0x00000000ec900000,0x00000000ecb80000)
 ParOldGen       total 42496K, used 0K [0x00000000c2c00000, 0x00000000c5580000, 0x00000000eb980000)
  object space 42496K, 0% used [0x00000000c2c00000,0x00000000c2c00000,0x00000000c5580000)
 Metaspace       used 776K, capacity 4480K, committed 4480K, reserved 1056768K
  class space    used 76K, capacity 384K, committed 384K, reserved 1048576K

Card table byte_map: [0x0000000012270000,0x0000000012460000] byte_map_base: 0x0000000011c5a000

Marking Bits: (ParMarkBitMap*) 0x000000006139af90
 Begin Bits: [0x0000000012db0000, 0x0000000013d00000)
 End Bits:   [0x0000000013d00000, 0x0000000014c50000)

Polling page: 0x00000000029f0000

CodeCache: size=245760Kb used=328Kb max_used=328Kb free=245431Kb
 bounds [0x0000000002eb0000, 0x0000000003120000, 0x0000000011eb0000]
 total_blobs=58 nmethods=0 adapters=38
 compilation: enabled

Compilation events (0 events):
No events

GC Heap History (0 events):
No events

Deoptimization events (0 events):
No events

Classes redefined (0 events):
No events

Internal exceptions (0 events):
No events

Events (10 events):
Event: 0.035 loading class java/lang/Short
Event: 0.035 loading class java/lang/Short done
Event: 0.035 loading class java/lang/Integer
Event: 0.035 loading class java/lang/Integer done
Event: 0.035 loading class java/lang/Long
Event: 0.035 loading class java/lang/Long done
Event: 0.036 loading class java/lang/NullPointerException
Event: 0.036 loading class java/lang/NullPointerException done
Event: 0.036 loading class java/lang/ArithmeticException
Event: 0.037 loading class java/lang/ArithmeticException done


Dynamic libraries:
0x00007ff7cf0b0000 - 0x00007ff7cf0e7000 	C:\Program Files\Java\jdk1.8.0_251\jre\bin\java.exe
0x00007ffd6f1d0000 - 0x00007ffd6f3c5000 	C:\windows\SYSTEM32\ntdll.dll
0x00007ffd3e7c0000 - 0x00007ffd3e7d3000 	C:\Program Files\Avast Software\Avast\aswhook.dll
0x00007ffd6db40000 - 0x00007ffd6dbfd000 	C:\windows\System32\KERNEL32.DLL
0x00007ffd6cce0000 - 0x00007ffd6cfa8000 	C:\windows\System32\KERNELBASE.dll
0x00007ffd6d4a0000 - 0x00007ffd6d54c000 	C:\windows\System32\ADVAPI32.dll
0x00007ffd6eec0000 - 0x00007ffd6ef5e000 	C:\windows\System32\msvcrt.dll
0x00007ffd6daa0000 - 0x00007ffd6db3b000 	C:\windows\System32\sechost.dll
0x00007ffd6d230000 - 0x00007ffd6d35b000 	C:\windows\System32\RPCRT4.dll
0x00007ffd6e4f0000 - 0x00007ffd6e690000 	C:\windows\System32\USER32.dll
0x00007ffd6c910000 - 0x00007ffd6c932000 	C:\windows\System32\win32u.dll
0x00007ffd6e1b0000 - 0x00007ffd6e1da000 	C:\windows\System32\GDI32.dll
0x00007ffd6caa0000 - 0x00007ffd6cbab000 	C:\windows\System32\gdi32full.dll
0x00007ffd6d010000 - 0x00007ffd6d0ad000 	C:\windows\System32\msvcp_win.dll
0x00007ffd6d0b0000 - 0x00007ffd6d1b0000 	C:\windows\System32\ucrtbase.dll
0x00007ffd53b80000 - 0x00007ffd53e1a000 	C:\windows\WinSxS\amd64_microsoft.windows.common-controls_6595b64144ccf1df_6.0.19041.844_none_ca00b6081b84eb1d\COMCTL32.dll
0x00007ffd6e180000 - 0x00007ffd6e1b0000 	C:\windows\System32\IMM32.DLL
0x0000000060a90000 - 0x0000000060b62000 	C:\Program Files\Java\jdk1.8.0_251\jre\bin\msvcr100.dll
0x0000000060b70000 - 0x000000006141b000 	C:\Program Files\Java\jdk1.8.0_251\jre\bin\server\jvm.dll
0x00007ffd6d360000 - 0x00007ffd6d368000 	C:\windows\System32\PSAPI.DLL
0x00007ffd50180000 - 0x00007ffd501a7000 	C:\windows\SYSTEM32\WINMM.dll
0x00007ffd4f5c0000 - 0x00007ffd4f5c9000 	C:\windows\SYSTEM32\WSOCK32.dll
0x00007ffd64710000 - 0x00007ffd6471a000 	C:\windows\SYSTEM32\VERSION.dll
0x00007ffd6e110000 - 0x00007ffd6e17b000 	C:\windows\System32\WS2_32.dll
0x00007ffd65f20000 - 0x00007ffd65f2f000 	C:\Program Files\Java\jdk1.8.0_251\jre\bin\verify.dll
0x00007ffd65530000 - 0x00007ffd65559000 	C:\Program Files\Java\jdk1.8.0_251\jre\bin\java.dll
0x00007ffd64cc0000 - 0x00007ffd64cd6000 	C:\Program Files\Java\jdk1.8.0_251\jre\bin\zip.dll

VM Arguments:
java_command: C:\Trabajo\MiIngresoHitss\MiIngresoHitss-web\target\surefire\surefirebooter1961841593274959743.jar C:\Trabajo\MiIngresoHitss\MiIngresoHitss-web\target\surefire\surefire4120663245760160254tmp C:\Trabajo\MiIngresoHitss\MiIngresoHitss-web\target\surefire\surefire8336895918316743309tmp
java_class_path (initial): C:\Trabajo\MiIngresoHitss\MiIngresoHitss-web\target\surefire\surefirebooter1961841593274959743.jar
Launcher Type: SUN_STANDARD

Environment Variables:
JAVA_HOME=C:\Program Files\Java\jdk1.8.0_251
PATH=C:\Program Files (x86)\Common Files\Oracle\Java\javapath;C:\windows\system32;C:\windows;C:\windows\System32\Wbem;C:\windows\System32\WindowsPowerShell\v1.0\;C:\windows\System32\OpenSSH\;C:\Program Files\nodejs\;C:\Program Files\Git\cmd;C:\Program Files\Java\jdk1.8.0_251\bin;C:\apache-maven-3.6.3-bin\apache-maven-3.6.3\bin;C:\Users\daego\AppData\Local\Microsoft\WindowsApps;C:\Users\daego\AppData\Local\Programs\Microsoft VS Code\bin;C:\Users\daego\AppData\Roaming\npm;C:\Users\daego\AppData\Local\GitHubDesktop\bin
USERNAME=Daegosoft
OS=Windows_NT
PROCESSOR_IDENTIFIER=Intel64 Family 6 Model 142 Stepping 12, GenuineIntel



---------------  S Y S T E M  ---------------

OS: Windows 10.0 , 64 bit Build 19041 (10.0.19041.928)

CPU:total 8 (initial active 8) (4 cores per cpu, 2 threads per core) family 6 model 142 stepping 12, cmov, cx8, fxsr, mmx, sse, sse2, sse3, ssse3, sse4.1, sse4.2, popcnt, avx, avx2, aes, clmul, erms, 3dnowpref, lzcnt, ht, tsc, tscinvbit, bmi1, bmi2, adx

Memory: 4k page, physical 4012660k(182556k free), swap 16071284k(6204k free)

vm_info: Java HotSpot(TM) 64-Bit Server VM (25.251-b08) for windows-amd64 JRE (1.8.0_251-b08), built on Mar 12 2020 06:31:49 by "" with MS VC++ 10.0 (VS2010)

time: Sun May 16 15:47:33 2021
timezone: Hora est. Pacífico, Sudamérica
elapsed time: 0 seconds (0d 0h 0m 0s)

